<?xml version="1.0" encoding="UTF-8"?>
<TestRun id="27f0bb13-11f4-4937-9439-602fbbe7d708" name="Ahmed@AHMED-PC 2014-07-24 21:51:04" runUser="Ahmed-PC\Ahmed" xmlns="http://microsoft.com/schemas/VisualStudio/TeamTest/2010">
  <TestSettings name="Local" id="da58315a-196a-48b4-a872-eb5b0be3d57d">
    <Description>These are default test settings for a local test run.</Description>
    <Deployment enabled="false" runDeploymentRoot="Ahmed_AHMED-PC 2014-07-24 21_51_04">
      <DeploymentItem filename="D:\Abdul.K\ScanIn-Out\SCANINOUTBL\bin\Debug\SCANINOUTBL.dll" />
    </Deployment>
    <Execution>
      <TestTypeSpecific />
      <AgentRule name="Execution Agents">
      </AgentRule>
    </Execution>
  </TestSettings>
  <Times creation="2014-07-24T21:51:04.2365086+02:00" queuing="2014-07-24T21:51:05.0675562+02:00" start="2014-07-24T21:51:05.1055583+02:00" finish="2014-07-24T21:51:16.7332234+02:00" />
  <ResultSummary outcome="Error">
    <Counters total="1" executed="1" error="0" failed="0" timeout="0" aborted="1" inconclusive="0" passedButRunAborted="0" notRunnable="0" notExecuted="0" disconnected="0" warning="0" passed="0" completed="0" inProgress="0" pending="0" />
    <RunInfos>
      <RunInfo computerName="AHMED-PC" outcome="Error" timestamp="2014-07-24T21:51:16.7062218+02:00">
        <Text>Test host process exited unexpectedly.</Text>
      </RunInfo>
    </RunInfos>
  </ResultSummary>
  <TestDefinitions>
    <UnitTest name="GetDataTest" storage="d:\abdul.k\scanin-out\testproject1\bin\debug\testproject1.dll" id="27658800-201f-53d1-4a35-97d28ef5aef3">
      <Execution id="3e007feb-d638-46da-a130-de9ffb4b6990" />
      <TestMethod codeBase="D:/Abdul.K/ScanIn-Out/TestProject1/bin/Debug/TestProject1.DLL" adapterTypeName="Microsoft.VisualStudio.TestTools.TestTypes.Unit.UnitTestAdapter, Microsoft.VisualStudio.QualityTools.Tips.UnitTest.Adapter, Version=10.0.0.0, Culture=neutral, PublicKeyToken=b03f5f7f11d50a3a" className="TestProject1.InventoryTest, TestProject1, Version=1.0.0.0, Culture=neutral, PublicKeyToken=null" name="GetDataTest" />
    </UnitTest>
  </TestDefinitions>
  <TestLists>
    <TestList name="Results Not in a List" id="8c84fa94-04c1-424b-9868-57a2d4851a1d" />
    <TestList name="All Loaded Results" id="19431567-8539-422a-85d7-44ee4e166bda" />
  </TestLists>
  <TestEntries>
    <TestEntry testId="27658800-201f-53d1-4a35-97d28ef5aef3" executionId="3e007feb-d638-46da-a130-de9ffb4b6990" testListId="8c84fa94-04c1-424b-9868-57a2d4851a1d" />
  </TestEntries>
  <Results>
    <UnitTestResult executionId="3e007feb-d638-46da-a130-de9ffb4b6990" testId="27658800-201f-53d1-4a35-97d28ef5aef3" testName="GetDataTest" computerName="AHMED-PC" duration="00:00:11.6056638" startTime="2014-07-24T21:51:05.1275596+02:00" endTime="2014-07-24T21:51:16.7332234+02:00" testType="13cdc9d9-ddb5-4fa4-a97d-d965ccfc6d4b" outcome="Aborted" testListId="8c84fa94-04c1-424b-9868-57a2d4851a1d" relativeResultsDirectory="3e007feb-d638-46da-a130-de9ffb4b6990">
    </UnitTestResult>
  </Results>
</TestRun>